<?xml version="1.0" encoding="UTF-8"?>
<!-- Generated by org.testng.reporters.JUnitXMLReporter -->
<testsuite ignored="0" hostname="DESKTOP-PQ7S2JC" failures="0" tests="2" name="Tes t04: Form filled by Json file" time="41.139" errors="0" timestamp="2023-05-08T18:34:02 IST">
  <testcase classname="appiumproject.testcases.Test04_DDTByJason" name="DDTByJasonFile04" time="14.257"/>
  <testcase classname="appiumproject.testcases.Test04_DDTByJason" name="DDTByJasonFile04" time="10.124"/>
</testsuite> <!-- Tes t04: Form filled by Json file -->
