<?xml version="1.0" encoding="UTF-8"?>
<!-- Generated by org.testng.reporters.JUnitXMLReporter -->
<testsuite ignored="1" hostname="DESKTOP-PQ7S2JC" failures="0" tests="1" name="Test 02: Verify validation message of name field" time="37.497" errors="0" timestamp="2023-05-02T18:44:18 IST">
  <testcase classname="appiumproject.testcases.Test02_MultipleTests" name="FormSubmit_Test02" time="15.634"/>
  <testcase classname="appiumproject.testcases.Test02_MultipleTests" name="VerifyNameValidation_Test01" time="0.0">
    <ignored/>
  </testcase> <!-- VerifyNameValidation_Test01 -->
</testsuite> <!-- Test 02: Verify validation message of name field -->
