<?xml version="1.0" encoding="UTF-8"?>
<!-- Generated by org.testng.reporters.JUnitXMLReporter -->
<testsuite ignored="1" hostname="DESKTOP-PQ7S2JC" failures="0" tests="1" name="Test 02: Form Submit" time="34.803" errors="0" timestamp="2023-05-08T19:22:42 IST">
  <testcase classname="appiumproject.testcases.Test02_MultipleTests" name="FormSubmit_Test02" time="14.901"/>
  <testcase classname="appiumproject.testcases.Test02_MultipleTests" name="VerifyNameValidation_Test01" time="0.0">
    <ignored/>
  </testcase> <!-- VerifyNameValidation_Test01 -->
</testsuite> <!-- Test 02: Form Submit -->
