<?xml version="1.0" encoding="UTF-8"?>
<!-- Generated by org.testng.reporters.JUnitXMLReporter -->
<testsuite ignored="0" hostname="DESKTOP-PQ7S2JC" failures="0" tests="2" name="Test 04: Form filled by Json file" time="51.121" errors="0" timestamp="2023-05-08T19:23:33 IST">
  <testcase classname="appiumproject.testcases.Test04_DDTByJason" name="DDTByJasonFile04" time="13.843"/>
  <testcase classname="appiumproject.testcases.Test04_DDTByJason" name="DDTByJasonFile04" time="17.138"/>
</testsuite> <!-- Test 04: Form filled by Json file -->
