<?xml version="1.0" encoding="UTF-8"?>
<testng-results ignored="0" total="2" passed="2" failed="0" skipped="0">
  <reporter-output>
  </reporter-output>
  <suite started-at="2023-03-15T19:18:12 IST" name="Default suite" finished-at="2023-03-15T19:19:04 IST" duration-ms="52813">
    <groups>
    </groups>
    <test started-at="2023-03-15T19:18:12 IST" name="Default test" finished-at="2023-03-15T19:19:04 IST" duration-ms="52813">
      <class name="appiumproject.testcases.Test01_GeneralStore">
        <test-method is-config="true" signature="Setup()[pri:0, instance:appiumproject.testcases.Test01_GeneralStore@55b62629]" started-at="2023-03-15T19:18:12 IST" name="Setup" finished-at="2023-03-15T19:18:31 IST" duration-ms="19581" status="PASS">
          <reporter-output>
          </reporter-output>
        </test-method> <!-- Setup -->
        <test-method signature="test()[pri:0, instance:appiumproject.testcases.Test01_GeneralStore@55b62629]" started-at="2023-03-15T19:18:31 IST" name="test" finished-at="2023-03-15T19:18:31 IST" duration-ms="7" status="PASS">
          <reporter-output>
          </reporter-output>
        </test-method> <!-- test -->
        <test-method signature="formSubmitTest01()[pri:0, instance:appiumproject.testcases.Test01_GeneralStore@55b62629]" started-at="2023-03-15T19:18:31 IST" name="formSubmitTest01" finished-at="2023-03-15T19:19:04 IST" duration-ms="33133" status="PASS">
          <reporter-output>
          </reporter-output>
        </test-method> <!-- formSubmitTest01 -->
        <test-method is-config="true" signature="teardown()[pri:0, instance:appiumproject.testcases.Test01_GeneralStore@55b62629]" started-at="2023-03-15T19:19:04 IST" name="teardown" finished-at="2023-03-15T19:19:04 IST" duration-ms="2" status="PASS">
          <reporter-output>
          </reporter-output>
        </test-method> <!-- teardown -->
      </class> <!-- appiumproject.testcases.Test01_GeneralStore -->
    </test> <!-- Default test -->
  </suite> <!-- Default suite -->
</testng-results>
